<?xml version="1.0" encoding="UTF-8"?>
<!-- Generated by org.testng.reporters.JUnitReportReporter -->
<testsuite hostname="Pravallika" failures="0" tests="1" name="runner.TestRunner" time="25.203" errors="0" timestamp="2025-03-12T18:54:08 IST" skipped="0">
  <testcase classname="runner.TestRunner" name="runScenario" time="25.203"/>
  <system-out/>
</testsuite> <!-- runner.TestRunner -->
